<?xml version="1.0" encoding="UTF-8"?>
<!-- Generated by org.testng.reporters.JUnitReportReporter -->
<testsuite skipped="0" hostname="Bharats-MacBook-Pro.local" name="com.naveen.testNG.googleTest" tests="2" failures="0" timestamp="15 Oct 2018 09:16:31 GMT" time="16.896" errors="0">
  <testcase name="googleTitleTest" time="7.818" classname="com.naveen.testNG.googleTest"/>
  <testcase name="googleLogoTest" time="9.078" classname="com.naveen.testNG.googleTest"/>
</testsuite> <!-- com.naveen.testNG.googleTest -->
