<?xml version="1.0" encoding="UTF-8"?>
<!-- Generated by org.testng.reporters.JUnitReportReporter -->
<testsuite skipped="0" hostname="Bharats-MacBook-Pro.local" name="com.naveen.hashmap.loginTest_usingData" tests="2" failures="0" timestamp="23 Jan 2019 09:34:24 GMT" time="36.821" errors="0">
  <testcase name="loginAdminTest" time="18.309" classname="com.naveen.hashmap.loginTest_usingData"/>
  <testcase name="loginTeacherTest" time="18.512" classname="com.naveen.hashmap.loginTest_usingData"/>
</testsuite> <!-- com.naveen.hashmap.loginTest_usingData -->
