<?xml version="1.0" encoding="UTF-8"?>
<!-- Generated by org.testng.reporters.JUnitReportReporter -->
<testsuite skipped="0" hostname="Bharats-MacBook-Pro.local" name="com.naveen.testNG.expectedException_handeling" tests="1" failures="0" timestamp="15 Oct 2018 09:16:31 GMT" time="0.001" errors="0">
  <testcase name="test1" time="0.001" classname="com.naveen.testNG.expectedException_handeling"/>
</testsuite> <!-- com.naveen.testNG.expectedException_handeling -->
