<?xml version="1.0" encoding="UTF-8"?>
<!-- Generated by org.testng.reporters.JUnitReportReporter -->
<testsuite skipped="0" hostname="Bharats-MacBook-Pro.local" name="com.naveen.testNG.invocationCountTest" tests="3" failures="0" timestamp="15 Oct 2018 09:16:31 GMT" time="0.009" errors="0">
  <testcase name="sum" time="0.001" classname="com.naveen.testNG.invocationCountTest"/>
  <testcase name="sum" time="0.007" classname="com.naveen.testNG.invocationCountTest"/>
  <testcase name="sum" time="0.001" classname="com.naveen.testNG.invocationCountTest"/>
</testsuite> <!-- com.naveen.testNG.invocationCountTest -->
