<?xml version="1.0" encoding="UTF-8"?>
<!-- Generated by org.testng.reporters.JUnitReportReporter -->
<testsuite skipped="0" hostname="Bharats-MacBook-Pro.local" name="com.naveen.testNG.setPriority" tests="4" failures="0" timestamp="15 Oct 2018 06:47:52 GMT" time="0.015" errors="0">
  <testcase name="loginPageTitleTest" time="0.008" classname="com.naveen.testNG.setPriority"/>
  <testcase name="LinkTest" time="0.003" classname="com.naveen.testNG.setPriority"/>
  <testcase name="searchPageTest" time="0.001" classname="com.naveen.testNG.setPriority"/>
  <testcase name="LogoutTest" time="0.003" classname="com.naveen.testNG.setPriority"/>
</testsuite> <!-- com.naveen.testNG.setPriority -->
