<?xml version="1.0" encoding="UTF-8"?>
<!-- Generated by org.testng.reporters.JUnitReportReporter -->
<testsuite skipped="0" hostname="Bharats-MacBook-Pro.local" name="com.naveen.testNG.groupsAnnotation" tests="4" failures="0" timestamp="15 Oct 2018 06:51:52 GMT" time="0.012" errors="0">
  <testcase name="loginPageTitleTest" time="0.007" classname="com.naveen.testNG.groupsAnnotation"/>
  <testcase name="LogoutTest" time="0.002" classname="com.naveen.testNG.groupsAnnotation"/>
  <testcase name="searchPageTest" time="0.002" classname="com.naveen.testNG.groupsAnnotation"/>
  <testcase name="LinkTest" time="0.001" classname="com.naveen.testNG.groupsAnnotation"/>
</testsuite> <!-- com.naveen.testNG.groupsAnnotation -->
